2025-09-08T15:07:01.171-03:00  INFO 4040 --- [crud-basico] [main] argos.com.br.blog.BlogApplicationTests   : Starting BlogApplicationTests using Java 21.0.6 with PID 4040 (started by Desenvolvimento in C:\Users\Desenvolvimento\Documents\projetos\argos\crud-basico)
2025-09-08T15:07:01.173-03:00 DEBUG 4040 --- [crud-basico] [main] argos.com.br.blog.BlogApplicationTests   : Running with Spring Boot v3.5.5, Spring v6.2.10
2025-09-08T15:07:01.174-03:00  INFO 4040 --- [crud-basico] [main] argos.com.br.blog.BlogApplicationTests   : No active profile set, falling back to 1 default profile: "default"
2025-09-08T15:07:03.368-03:00  INFO 4040 --- [crud-basico] [main] .s.d.r.c.RepositoryConfigurationDelegate : Bootstrapping Spring Data JPA repositories in DEFAULT mode.
2025-09-08T15:07:03.561-03:00  INFO 4040 --- [crud-basico] [main] .s.d.r.c.RepositoryConfigurationDelegate : Finished Spring Data repository scanning in 163 ms. Found 6 JPA repository interfaces.
2025-09-08T15:07:04.620-03:00  INFO 4040 --- [crud-basico] [main] com.zaxxer.hikari.HikariDataSource       : HikariPool-1 - Starting...
2025-09-08T15:07:06.938-03:00  INFO 4040 --- [crud-basico] [main] com.zaxxer.hikari.pool.HikariPool        : HikariPool-1 - Added connection org.postgresql.jdbc.PgConnection@2aa6bbad
2025-09-08T15:07:06.940-03:00  INFO 4040 --- [crud-basico] [main] com.zaxxer.hikari.HikariDataSource       : HikariPool-1 - Start completed.
2025-09-08T15:07:07.133-03:00  INFO 4040 --- [crud-basico] [main] org.flywaydb.core.FlywayExecutor         : Database: jdbc:postgresql://ep-lingering-haze-adblqmik-pooler.c-2.us-east-1.aws.neon.tech/neondb?sslmode=require&channel_binding=require (PostgreSQL 17.5)
2025-09-08T15:07:09.228-03:00  INFO 4040 --- [crud-basico] [main] o.f.core.internal.command.DbValidate     : Successfully validated 1 migration (execution time 00:00.633s)
2025-09-08T15:07:11.049-03:00  INFO 4040 --- [crud-basico] [main] o.f.core.internal.command.DbMigrate      : Current version of schema "public": 1
2025-09-08T15:07:11.194-03:00  INFO 4040 --- [crud-basico] [main] o.f.core.internal.command.DbMigrate      : Schema "public" is up to date. No migration necessary.
2025-09-08T15:07:12.237-03:00  INFO 4040 --- [crud-basico] [main] o.hibernate.jpa.internal.util.LogHelper  : HHH000204: Processing PersistenceUnitInfo [name: default]
2025-09-08T15:07:12.362-03:00  INFO 4040 --- [crud-basico] [main] org.hibernate.Version                    : HHH000412: Hibernate ORM core version 6.6.26.Final
2025-09-08T15:07:12.438-03:00  INFO 4040 --- [crud-basico] [main] o.h.c.internal.RegionFactoryInitiator    : HHH000026: Second-level cache disabled
2025-09-08T15:07:13.090-03:00  INFO 4040 --- [crud-basico] [main] o.s.o.j.p.SpringPersistenceUnitInfo      : No LoadTimeWeaver setup: ignoring JPA class transformer
2025-09-08T15:07:13.905-03:00  INFO 4040 --- [crud-basico] [main] org.hibernate.orm.connections.pooling    : HHH10001005: Database info:
	Database JDBC URL [Connecting through datasource 'HikariDataSource (HikariPool-1)']
	Database driver: undefined/unknown
	Database version: 17.5
	Autocommit mode: undefined/unknown
	Isolation level: undefined/unknown
	Minimum pool size: undefined/unknown
	Maximum pool size: undefined/unknown
2025-09-08T15:07:16.733-03:00  INFO 4040 --- [crud-basico] [main] o.h.e.t.j.p.i.JtaPlatformInitiator       : HHH000489: No JTA platform available (set 'hibernate.transaction.jta.platform' to enable JTA platform integration)
2025-09-08T15:07:16.739-03:00  INFO 4040 --- [crud-basico] [main] j.LocalContainerEntityManagerFactoryBean : Initialized JPA EntityManagerFactory for persistence unit 'default'
2025-09-08T15:07:17.700-03:00  INFO 4040 --- [crud-basico] [main] r$InitializeUserDetailsManagerConfigurer : Global AuthenticationManager configured with UserDetailsService bean with name customUserDetailsService
2025-09-08T15:07:18.167-03:00  WARN 4040 --- [crud-basico] [main] JpaBaseConfiguration$JpaWebConfiguration : spring.jpa.open-in-view is enabled by default. Therefore, database queries may be performed during view rendering. Explicitly configure spring.jpa.open-in-view to disable this warning
2025-09-08T15:07:18.997-03:00  INFO 4040 --- [crud-basico] [main] o.s.v.b.OptionalValidatorFactoryBean     : Failed to set up a Bean Validation provider: jakarta.validation.NoProviderFoundException: Unable to create a Configuration, because no Jakarta Bean Validation provider could be found. Add a provider like Hibernate Validator (RI) to your classpath.
2025-09-08T15:07:19.727-03:00  INFO 4040 --- [crud-basico] [main] argos.com.br.blog.BlogApplicationTests   : Started BlogApplicationTests in 19.249 seconds (process running for 21.321)
2025-09-08T15:07:20.479-03:00  INFO 4040 --- [crud-basico] [SpringApplicationShutdownHook] j.LocalContainerEntityManagerFactoryBean : Closing JPA EntityManagerFactory for persistence unit 'default'
2025-09-08T15:07:20.483-03:00  INFO 4040 --- [crud-basico] [SpringApplicationShutdownHook] com.zaxxer.hikari.HikariDataSource       : HikariPool-1 - Shutdown initiated...
2025-09-08T15:07:21.869-03:00  INFO 4040 --- [crud-basico] [SpringApplicationShutdownHook] com.zaxxer.hikari.HikariDataSource       : HikariPool-1 - Shutdown completed.
2025-09-08T15:18:54.972-03:00  INFO 8200 --- [crud-basico] [restartedMain] argos.com.br.blog.BlogApplication        : Starting BlogApplication using Java 21.0.6 with PID 8200 (C:\Users\Desenvolvimento\Documents\projetos\argos\crud-basico\target\classes started by Desenvolvimento in C:\Users\Desenvolvimento\Documents\projetos\argos\crud-basico)
2025-09-08T15:18:54.977-03:00 DEBUG 8200 --- [crud-basico] [restartedMain] argos.com.br.blog.BlogApplication        : Running with Spring Boot v3.5.5, Spring v6.2.10
2025-09-08T15:18:54.979-03:00  INFO 8200 --- [crud-basico] [restartedMain] argos.com.br.blog.BlogApplication        : No active profile set, falling back to 1 default profile: "default"
2025-09-08T15:18:55.111-03:00  INFO 8200 --- [crud-basico] [restartedMain] .e.DevToolsPropertyDefaultsPostProcessor : Devtools property defaults active! Set 'spring.devtools.add-properties' to 'false' to disable
2025-09-08T15:18:55.112-03:00  INFO 8200 --- [crud-basico] [restartedMain] .e.DevToolsPropertyDefaultsPostProcessor : For additional web related logging consider setting the 'logging.level.web' property to 'DEBUG'
2025-09-08T15:18:57.635-03:00  INFO 8200 --- [crud-basico] [restartedMain] .s.d.r.c.RepositoryConfigurationDelegate : Bootstrapping Spring Data JPA repositories in DEFAULT mode.
2025-09-08T15:18:57.830-03:00  INFO 8200 --- [crud-basico] [restartedMain] .s.d.r.c.RepositoryConfigurationDelegate : Finished Spring Data repository scanning in 169 ms. Found 6 JPA repository interfaces.
2025-09-08T15:18:59.887-03:00  INFO 8200 --- [crud-basico] [restartedMain] o.s.b.w.embedded.tomcat.TomcatWebServer  : Tomcat initialized with port 8080 (http)
2025-09-08T15:18:59.931-03:00  INFO 8200 --- [crud-basico] [restartedMain] o.apache.catalina.core.StandardService   : Starting service [Tomcat]
2025-09-08T15:18:59.932-03:00  INFO 8200 --- [crud-basico] [restartedMain] o.apache.catalina.core.StandardEngine    : Starting Servlet engine: [Apache Tomcat/10.1.44]
2025-09-08T15:19:00.092-03:00  INFO 8200 --- [crud-basico] [restartedMain] o.a.c.c.C.[Tomcat].[localhost].[/]       : Initializing Spring embedded WebApplicationContext
2025-09-08T15:19:00.093-03:00  INFO 8200 --- [crud-basico] [restartedMain] w.s.c.ServletWebServerApplicationContext : Root WebApplicationContext: initialization completed in 4980 ms
2025-09-08T15:19:00.684-03:00  INFO 8200 --- [crud-basico] [restartedMain] com.zaxxer.hikari.HikariDataSource       : HikariPool-1 - Starting...
2025-09-08T15:19:03.237-03:00  INFO 8200 --- [crud-basico] [restartedMain] com.zaxxer.hikari.pool.HikariPool        : HikariPool-1 - Added connection org.postgresql.jdbc.PgConnection@3bf0f44a
2025-09-08T15:19:03.238-03:00  INFO 8200 --- [crud-basico] [restartedMain] com.zaxxer.hikari.HikariDataSource       : HikariPool-1 - Start completed.
2025-09-08T15:19:03.422-03:00  INFO 8200 --- [crud-basico] [restartedMain] org.flywaydb.core.FlywayExecutor         : Database: jdbc:postgresql://ep-lingering-haze-adblqmik-pooler.c-2.us-east-1.aws.neon.tech/neondb?sslmode=require&channel_binding=require (PostgreSQL 17.5)
2025-09-08T15:19:05.572-03:00  INFO 8200 --- [crud-basico] [restartedMain] o.f.core.internal.command.DbValidate     : Successfully validated 1 migration (execution time 00:00.626s)
2025-09-08T15:19:07.427-03:00  INFO 8200 --- [crud-basico] [restartedMain] o.f.core.internal.command.DbMigrate      : Current version of schema "public": 1
2025-09-08T15:19:07.573-03:00  INFO 8200 --- [crud-basico] [restartedMain] o.f.core.internal.command.DbMigrate      : Schema "public" is up to date. No migration necessary.
2025-09-08T15:19:08.564-03:00  INFO 8200 --- [crud-basico] [restartedMain] o.hibernate.jpa.internal.util.LogHelper  : HHH000204: Processing PersistenceUnitInfo [name: default]
2025-09-08T15:19:08.664-03:00  INFO 8200 --- [crud-basico] [restartedMain] org.hibernate.Version                    : HHH000412: Hibernate ORM core version 6.6.26.Final
2025-09-08T15:19:08.722-03:00  INFO 8200 --- [crud-basico] [restartedMain] o.h.c.internal.RegionFactoryInitiator    : HHH000026: Second-level cache disabled
2025-09-08T15:19:09.214-03:00  INFO 8200 --- [crud-basico] [restartedMain] o.s.o.j.p.SpringPersistenceUnitInfo      : No LoadTimeWeaver setup: ignoring JPA class transformer
2025-09-08T15:19:10.046-03:00  INFO 8200 --- [crud-basico] [restartedMain] org.hibernate.orm.connections.pooling    : HHH10001005: Database info:
	Database JDBC URL [Connecting through datasource 'HikariDataSource (HikariPool-1)']
	Database driver: undefined/unknown
	Database version: 17.5
	Autocommit mode: undefined/unknown
	Isolation level: undefined/unknown
	Minimum pool size: undefined/unknown
	Maximum pool size: undefined/unknown
2025-09-08T15:19:11.219-03:00  INFO 8200 --- [crud-basico] [restartedMain] o.h.e.t.j.p.i.JtaPlatformInitiator       : HHH000489: No JTA platform available (set 'hibernate.transaction.jta.platform' to enable JTA platform integration)
2025-09-08T15:19:11.222-03:00  INFO 8200 --- [crud-basico] [restartedMain] j.LocalContainerEntityManagerFactoryBean : Initialized JPA EntityManagerFactory for persistence unit 'default'
2025-09-08T15:19:11.772-03:00  INFO 8200 --- [crud-basico] [restartedMain] r$InitializeUserDetailsManagerConfigurer : Global AuthenticationManager configured with UserDetailsService bean with name customUserDetailsService
2025-09-08T15:19:11.998-03:00  WARN 8200 --- [crud-basico] [restartedMain] JpaBaseConfiguration$JpaWebConfiguration : spring.jpa.open-in-view is enabled by default. Therefore, database queries may be performed during view rendering. Explicitly configure spring.jpa.open-in-view to disable this warning
2025-09-08T15:19:12.507-03:00  INFO 8200 --- [crud-basico] [restartedMain] o.s.v.b.OptionalValidatorFactoryBean     : Failed to set up a Bean Validation provider: jakarta.validation.NoProviderFoundException: Unable to create a Configuration, because no Jakarta Bean Validation provider could be found. Add a provider like Hibernate Validator (RI) to your classpath.
2025-09-08T15:19:12.994-03:00  INFO 8200 --- [crud-basico] [restartedMain] o.s.b.d.a.OptionalLiveReloadServer       : LiveReload server is running on port 35729
2025-09-08T15:19:13.050-03:00  INFO 8200 --- [crud-basico] [restartedMain] o.s.b.w.embedded.tomcat.TomcatWebServer  : Tomcat started on port 8080 (http) with context path '/'
2025-09-08T15:19:13.067-03:00  INFO 8200 --- [crud-basico] [restartedMain] argos.com.br.blog.BlogApplication        : Started BlogApplication in 18.967 seconds (process running for 21.382)
2025-09-08T15:19:42.091-03:00  INFO 8200 --- [crud-basico] [http-nio-8080-exec-1] o.a.c.c.C.[Tomcat].[localhost].[/]       : Initializing Spring DispatcherServlet 'dispatcherServlet'
2025-09-08T15:19:42.091-03:00  INFO 8200 --- [crud-basico] [http-nio-8080-exec-1] o.s.web.servlet.DispatcherServlet        : Initializing Servlet 'dispatcherServlet'
2025-09-08T15:19:42.095-03:00  INFO 8200 --- [crud-basico] [http-nio-8080-exec-1] o.s.web.servlet.DispatcherServlet        : Completed initialization in 2 ms
2025-09-08T15:20:21.207-03:00  INFO 8200 --- [crud-basico] [SpringApplicationShutdownHook] o.s.b.w.e.tomcat.GracefulShutdown        : Commencing graceful shutdown. Waiting for active requests to complete
2025-09-08T15:20:21.218-03:00  INFO 8200 --- [crud-basico] [tomcat-shutdown] o.s.b.w.e.tomcat.GracefulShutdown        : Graceful shutdown complete
2025-09-08T15:20:21.225-03:00  INFO 8200 --- [crud-basico] [SpringApplicationShutdownHook] j.LocalContainerEntityManagerFactoryBean : Closing JPA EntityManagerFactory for persistence unit 'default'
2025-09-08T15:20:21.241-03:00  INFO 8200 --- [crud-basico] [SpringApplicationShutdownHook] com.zaxxer.hikari.HikariDataSource       : HikariPool-1 - Shutdown initiated...
2025-09-08T15:20:22.652-03:00  INFO 8200 --- [crud-basico] [SpringApplicationShutdownHook] com.zaxxer.hikari.HikariDataSource       : HikariPool-1 - Shutdown completed.
2025-09-08T15:20:27.478-03:00  INFO 2724 --- [crud-basico] [restartedMain] argos.com.br.blog.BlogApplication        : Starting BlogApplication using Java 21.0.6 with PID 2724 (C:\Users\Desenvolvimento\Documents\projetos\argos\crud-basico\target\classes started by Desenvolvimento in C:\Users\Desenvolvimento\Documents\projetos\argos\crud-basico)
2025-09-08T15:20:27.483-03:00 DEBUG 2724 --- [crud-basico] [restartedMain] argos.com.br.blog.BlogApplication        : Running with Spring Boot v3.5.5, Spring v6.2.10
2025-09-08T15:20:27.484-03:00  INFO 2724 --- [crud-basico] [restartedMain] argos.com.br.blog.BlogApplication        : No active profile set, falling back to 1 default profile: "default"
2025-09-08T15:20:27.584-03:00  INFO 2724 --- [crud-basico] [restartedMain] .e.DevToolsPropertyDefaultsPostProcessor : Devtools property defaults active! Set 'spring.devtools.add-properties' to 'false' to disable
2025-09-08T15:20:27.585-03:00  INFO 2724 --- [crud-basico] [restartedMain] .e.DevToolsPropertyDefaultsPostProcessor : For additional web related logging consider setting the 'logging.level.web' property to 'DEBUG'
2025-09-08T15:20:29.516-03:00  INFO 2724 --- [crud-basico] [restartedMain] .s.d.r.c.RepositoryConfigurationDelegate : Bootstrapping Spring Data JPA repositories in DEFAULT mode.
2025-09-08T15:20:29.696-03:00  INFO 2724 --- [crud-basico] [restartedMain] .s.d.r.c.RepositoryConfigurationDelegate : Finished Spring Data repository scanning in 160 ms. Found 6 JPA repository interfaces.
2025-09-08T15:20:30.793-03:00  INFO 2724 --- [crud-basico] [restartedMain] o.s.b.w.embedded.tomcat.TomcatWebServer  : Tomcat initialized with port 8080 (http)
2025-09-08T15:20:30.827-03:00  INFO 2724 --- [crud-basico] [restartedMain] o.apache.catalina.core.StandardService   : Starting service [Tomcat]
2025-09-08T15:20:30.827-03:00  INFO 2724 --- [crud-basico] [restartedMain] o.apache.catalina.core.StandardEngine    : Starting Servlet engine: [Apache Tomcat/10.1.44]
2025-09-08T15:20:30.926-03:00  INFO 2724 --- [crud-basico] [restartedMain] o.a.c.c.C.[Tomcat].[localhost].[/]       : Initializing Spring embedded WebApplicationContext
2025-09-08T15:20:30.926-03:00  INFO 2724 --- [crud-basico] [restartedMain] w.s.c.ServletWebServerApplicationContext : Root WebApplicationContext: initialization completed in 3340 ms
2025-09-08T15:20:31.606-03:00  INFO 2724 --- [crud-basico] [restartedMain] com.zaxxer.hikari.HikariDataSource       : HikariPool-1 - Starting...
2025-09-08T15:20:33.508-03:00  INFO 2724 --- [crud-basico] [restartedMain] com.zaxxer.hikari.pool.HikariPool        : HikariPool-1 - Added connection org.postgresql.jdbc.PgConnection@5f3517ab
2025-09-08T15:20:33.510-03:00  INFO 2724 --- [crud-basico] [restartedMain] com.zaxxer.hikari.HikariDataSource       : HikariPool-1 - Start completed.
2025-09-08T15:20:33.687-03:00  INFO 2724 --- [crud-basico] [restartedMain] org.flywaydb.core.FlywayExecutor         : Database: jdbc:postgresql://ep-lingering-haze-adblqmik-pooler.c-2.us-east-1.aws.neon.tech/neondb?sslmode=require&channel_binding=require (PostgreSQL 17.5)
2025-09-08T15:20:35.716-03:00  INFO 2724 --- [crud-basico] [restartedMain] o.f.core.internal.command.DbValidate     : Successfully validated 1 migration (execution time 00:00.595s)
2025-09-08T15:20:37.548-03:00  INFO 2724 --- [crud-basico] [restartedMain] o.f.core.internal.command.DbMigrate      : Current version of schema "public": 1
2025-09-08T15:20:37.695-03:00  INFO 2724 --- [crud-basico] [restartedMain] o.f.core.internal.command.DbMigrate      : Schema "public" is up to date. No migration necessary.
2025-09-08T15:20:38.724-03:00  INFO 2724 --- [crud-basico] [restartedMain] o.hibernate.jpa.internal.util.LogHelper  : HHH000204: Processing PersistenceUnitInfo [name: default]
2025-09-08T15:20:38.898-03:00  INFO 2724 --- [crud-basico] [restartedMain] org.hibernate.Version                    : HHH000412: Hibernate ORM core version 6.6.26.Final
2025-09-08T15:20:39.011-03:00  INFO 2724 --- [crud-basico] [restartedMain] o.h.c.internal.RegionFactoryInitiator    : HHH000026: Second-level cache disabled
2025-09-08T15:20:39.734-03:00  INFO 2724 --- [crud-basico] [restartedMain] o.s.o.j.p.SpringPersistenceUnitInfo      : No LoadTimeWeaver setup: ignoring JPA class transformer
2025-09-08T15:20:40.550-03:00  INFO 2724 --- [crud-basico] [restartedMain] org.hibernate.orm.connections.pooling    : HHH10001005: Database info:
	Database JDBC URL [Connecting through datasource 'HikariDataSource (HikariPool-1)']
	Database driver: undefined/unknown
	Database version: 17.5
	Autocommit mode: undefined/unknown
	Isolation level: undefined/unknown
	Minimum pool size: undefined/unknown
	Maximum pool size: undefined/unknown
2025-09-08T15:20:44.219-03:00  INFO 2724 --- [crud-basico] [restartedMain] o.h.e.t.j.p.i.JtaPlatformInitiator       : HHH000489: No JTA platform available (set 'hibernate.transaction.jta.platform' to enable JTA platform integration)
2025-09-08T15:20:44.224-03:00  INFO 2724 --- [crud-basico] [restartedMain] j.LocalContainerEntityManagerFactoryBean : Initialized JPA EntityManagerFactory for persistence unit 'default'
2025-09-08T15:20:45.267-03:00  INFO 2724 --- [crud-basico] [restartedMain] r$InitializeUserDetailsManagerConfigurer : Global AuthenticationManager configured with UserDetailsService bean with name customUserDetailsService
2025-09-08T15:20:45.736-03:00  WARN 2724 --- [crud-basico] [restartedMain] JpaBaseConfiguration$JpaWebConfiguration : spring.jpa.open-in-view is enabled by default. Therefore, database queries may be performed during view rendering. Explicitly configure spring.jpa.open-in-view to disable this warning
2025-09-08T15:20:46.583-03:00  INFO 2724 --- [crud-basico] [restartedMain] o.s.v.b.OptionalValidatorFactoryBean     : Failed to set up a Bean Validation provider: jakarta.validation.NoProviderFoundException: Unable to create a Configuration, because no Jakarta Bean Validation provider could be found. Add a provider like Hibernate Validator (RI) to your classpath.
2025-09-08T15:20:47.306-03:00  INFO 2724 --- [crud-basico] [restartedMain] o.s.b.d.a.OptionalLiveReloadServer       : LiveReload server is running on port 35729
2025-09-08T15:20:47.391-03:00  INFO 2724 --- [crud-basico] [restartedMain] o.s.b.w.embedded.tomcat.TomcatWebServer  : Tomcat started on port 8080 (http) with context path '/'
2025-09-08T15:20:47.412-03:00  INFO 2724 --- [crud-basico] [restartedMain] argos.com.br.blog.BlogApplication        : Started BlogApplication in 20.789 seconds (process running for 21.627)
2025-09-08T15:21:20.087-03:00  INFO 2724 --- [crud-basico] [http-nio-8080-exec-2] o.a.c.c.C.[Tomcat].[localhost].[/]       : Initializing Spring DispatcherServlet 'dispatcherServlet'
2025-09-08T15:21:20.088-03:00  INFO 2724 --- [crud-basico] [http-nio-8080-exec-2] o.s.web.servlet.DispatcherServlet        : Initializing Servlet 'dispatcherServlet'
2025-09-08T15:21:20.095-03:00  INFO 2724 --- [crud-basico] [http-nio-8080-exec-2] o.s.web.servlet.DispatcherServlet        : Completed initialization in 6 ms
2025-09-08T15:22:36.232-03:00  INFO 2724 --- [crud-basico] [File Watcher] rtingClassPathChangeChangedEventListener : Restarting due to 63 class path changes (0 additions, 62 deletions, 1 modification)
2025-09-08T15:22:36.265-03:00  INFO 2724 --- [crud-basico] [Thread-5] o.s.b.w.e.tomcat.GracefulShutdown        : Commencing graceful shutdown. Waiting for active requests to complete
2025-09-08T15:22:36.296-03:00  INFO 2724 --- [crud-basico] [tomcat-shutdown] o.s.b.w.e.tomcat.GracefulShutdown        : Graceful shutdown complete
2025-09-08T15:22:36.329-03:00  INFO 2724 --- [crud-basico] [Thread-5] j.LocalContainerEntityManagerFactoryBean : Closing JPA EntityManagerFactory for persistence unit 'default'
2025-09-08T15:22:36.391-03:00  INFO 2724 --- [crud-basico] [Thread-5] com.zaxxer.hikari.HikariDataSource       : HikariPool-1 - Shutdown initiated...
2025-09-08T15:22:37.808-03:00  INFO 2724 --- [crud-basico] [Thread-5] com.zaxxer.hikari.HikariDataSource       : HikariPool-1 - Shutdown completed.
2025-09-08T15:22:38.233-03:00  INFO 2724 --- [crud-basico] [restartedMain] argos.com.br.blog.BlogApplication        : Starting BlogApplication using Java 21.0.6 with PID 2724 (C:\Users\Desenvolvimento\Documents\projetos\argos\crud-basico\target\classes started by Desenvolvimento in C:\Users\Desenvolvimento\Documents\projetos\argos\crud-basico)
2025-09-08T15:22:38.233-03:00 DEBUG 2724 --- [crud-basico] [restartedMain] argos.com.br.blog.BlogApplication        : Running with Spring Boot v3.5.5, Spring v6.2.10
2025-09-08T15:22:38.234-03:00  INFO 2724 --- [crud-basico] [restartedMain] argos.com.br.blog.BlogApplication        : No active profile set, falling back to 1 default profile: "default"
2025-09-08T15:22:39.275-03:00  INFO 2724 --- [crud-basico] [restartedMain] .s.d.r.c.RepositoryConfigurationDelegate : Bootstrapping Spring Data JPA repositories in DEFAULT mode.
2025-09-08T15:22:39.279-03:00  INFO 2724 --- [crud-basico] [restartedMain] .s.d.r.c.RepositoryConfigurationDelegate : Finished Spring Data repository scanning in 1 ms. Found 0 JPA repository interfaces.
2025-09-08T15:22:39.519-03:00  INFO 2724 --- [crud-basico] [restartedMain] o.s.b.w.embedded.tomcat.TomcatWebServer  : Tomcat initialized with port 8080 (http)
2025-09-08T15:22:39.520-03:00  INFO 2724 --- [crud-basico] [restartedMain] o.apache.catalina.core.StandardService   : Starting service [Tomcat]
2025-09-08T15:22:39.521-03:00  INFO 2724 --- [crud-basico] [restartedMain] o.apache.catalina.core.StandardEngine    : Starting Servlet engine: [Apache Tomcat/10.1.44]
2025-09-08T15:22:39.564-03:00  INFO 2724 --- [crud-basico] [restartedMain] o.a.c.c.C.[Tomcat].[localhost].[/]       : Initializing Spring embedded WebApplicationContext
2025-09-08T15:22:39.565-03:00  INFO 2724 --- [crud-basico] [restartedMain] w.s.c.ServletWebServerApplicationContext : Root WebApplicationContext: initialization completed in 1324 ms
2025-09-08T15:22:39.637-03:00  INFO 2724 --- [crud-basico] [restartedMain] com.zaxxer.hikari.HikariDataSource       : HikariPool-2 - Starting...
2025-09-08T15:22:40.968-03:00  INFO 2724 --- [crud-basico] [restartedMain] com.zaxxer.hikari.pool.HikariPool        : HikariPool-2 - Added connection org.postgresql.jdbc.PgConnection@78b77ebe
2025-09-08T15:22:40.970-03:00  INFO 2724 --- [crud-basico] [restartedMain] com.zaxxer.hikari.HikariDataSource       : HikariPool-2 - Start completed.
2025-09-08T15:22:41.112-03:00  INFO 2724 --- [crud-basico] [restartedMain] org.flywaydb.core.FlywayExecutor         : Database: jdbc:postgresql://ep-lingering-haze-adblqmik-pooler.c-2.us-east-1.aws.neon.tech/neondb?sslmode=require&channel_binding=require (PostgreSQL 17.5)
2025-09-08T15:22:43.084-03:00  INFO 2724 --- [crud-basico] [restartedMain] o.f.core.internal.command.DbValidate     : Successfully validated 1 migration (execution time 00:00.580s)
2025-09-08T15:22:44.926-03:00  INFO 2724 --- [crud-basico] [restartedMain] o.f.core.internal.command.DbMigrate      : Current version of schema "public": 1
2025-09-08T15:22:45.064-03:00  INFO 2724 --- [crud-basico] [restartedMain] o.f.core.internal.command.DbMigrate      : Schema "public" is up to date. No migration necessary.
2025-09-08T15:22:46.675-03:00  INFO 2724 --- [crud-basico] [restartedMain] o.hibernate.jpa.internal.util.LogHelper  : HHH000204: Processing PersistenceUnitInfo [name: default]
2025-09-08T15:22:46.681-03:00  INFO 2724 --- [crud-basico] [restartedMain] o.h.c.internal.RegionFactoryInitiator    : HHH000026: Second-level cache disabled
2025-09-08T15:22:46.701-03:00  INFO 2724 --- [crud-basico] [restartedMain] o.s.o.j.p.SpringPersistenceUnitInfo      : No LoadTimeWeaver setup: ignoring JPA class transformer
2025-09-08T15:22:47.270-03:00  INFO 2724 --- [crud-basico] [restartedMain] org.hibernate.orm.connections.pooling    : HHH10001005: Database info:
	Database JDBC URL [Connecting through datasource 'HikariDataSource (HikariPool-2)']
	Database driver: undefined/unknown
	Database version: 17.5
	Autocommit mode: undefined/unknown
	Isolation level: undefined/unknown
	Minimum pool size: undefined/unknown
	Maximum pool size: undefined/unknown
2025-09-08T15:22:47.301-03:00  INFO 2724 --- [crud-basico] [restartedMain] o.h.e.t.j.p.i.JtaPlatformInitiator       : HHH000489: No JTA platform available (set 'hibernate.transaction.jta.platform' to enable JTA platform integration)
2025-09-08T15:22:47.302-03:00  INFO 2724 --- [crud-basico] [restartedMain] j.LocalContainerEntityManagerFactoryBean : Initialized JPA EntityManagerFactory for persistence unit 'default'
2025-09-08T15:22:47.352-03:00  WARN 2724 --- [crud-basico] [restartedMain] JpaBaseConfiguration$JpaWebConfiguration : spring.jpa.open-in-view is enabled by default. Therefore, database queries may be performed during view rendering. Explicitly configure spring.jpa.open-in-view to disable this warning
2025-09-08T15:22:47.373-03:00  INFO 2724 --- [crud-basico] [restartedMain] o.s.v.b.OptionalValidatorFactoryBean     : Failed to set up a Bean Validation provider: jakarta.validation.NoProviderFoundException: Unable to create a Configuration, because no Jakarta Bean Validation provider could be found. Add a provider like Hibernate Validator (RI) to your classpath.
2025-09-08T15:22:47.607-03:00  WARN 2724 --- [crud-basico] [restartedMain] .s.s.UserDetailsServiceAutoConfiguration : 

Using generated security password: 9a61d7fd-1cd5-4ac4-8c54-89a359baf862

This generated password is for development use only. Your security configuration must be updated before running your application in production.

2025-09-08T15:22:47.612-03:00  INFO 2724 --- [crud-basico] [restartedMain] r$InitializeUserDetailsManagerConfigurer : Global AuthenticationManager configured with UserDetailsService bean with name inMemoryUserDetailsManager
2025-09-08T15:22:47.690-03:00  INFO 2724 --- [crud-basico] [restartedMain] o.s.b.d.a.OptionalLiveReloadServer       : LiveReload server is running on port 35729
2025-09-08T15:22:47.707-03:00  INFO 2724 --- [crud-basico] [restartedMain] o.s.b.w.embedded.tomcat.TomcatWebServer  : Tomcat started on port 8080 (http) with context path '/'
2025-09-08T15:22:47.720-03:00  INFO 2724 --- [crud-basico] [restartedMain] argos.com.br.blog.BlogApplication        : Started BlogApplication in 9.617 seconds (process running for 141.935)
2025-09-08T15:22:47.730-03:00  INFO 2724 --- [crud-basico] [restartedMain] .ConditionEvaluationDeltaLoggingListener : Condition evaluation delta:


==========================
CONDITION EVALUATION DELTA
==========================


Positive matches:
-----------------

   SpringBootWebSecurityConfiguration.SecurityFilterChainConfiguration matched:
      - AllNestedConditions 2 matched 0 did not; NestedCondition on DefaultWebSecurityCondition.Beans @ConditionalOnMissingBean (types: org.springframework.security.web.SecurityFilterChain; SearchStrategy: all) did not find any beans; NestedCondition on DefaultWebSecurityCondition.Classes @ConditionalOnClass found required classes 'org.springframework.security.web.SecurityFilterChain', 'org.springframework.security.config.annotation.web.builders.HttpSecurity' (DefaultWebSecurityCondition)

   UserDetailsServiceAutoConfiguration matched:
      - @ConditionalOnClass found required class 'org.springframework.security.authentication.AuthenticationManager' (OnClassCondition)
      - found 'session' scope (OnWebApplicationCondition)
      - AnyNestedCondition 1 matched 2 did not; NestedCondition on UserDetailsServiceAutoConfiguration.MissingAlternativeOrUserPropertiesConfigured.PasswordConfigured @ConditionalOnProperty (spring.security.user.password) did not find property 'spring.security.user.password'; NestedCondition on UserDetailsServiceAutoConfiguration.MissingAlternativeOrUserPropertiesConfigured.NameConfigured @ConditionalOnProperty (spring.security.user.name) did not find property 'spring.security.user.name'; NestedCondition on UserDetailsServiceAutoConfiguration.MissingAlternativeOrUserPropertiesConfigured.MissingAlternative @ConditionalOnMissingClass did not find unwanted classes 'org.springframework.security.oauth2.client.registration.ClientRegistrationRepository', 'org.springframework.security.oauth2.server.resource.introspection.OpaqueTokenIntrospector', 'org.springframework.security.saml2.provider.service.registration.RelyingPartyRegistrationRepository' (UserDetailsServiceAutoConfiguration.MissingAlternativeOrUserPropertiesConfigured)
      - @ConditionalOnBean (types: org.springframework.security.config.ObjectPostProcessor; SearchStrategy: all) found beans 'objectPostProcessor', 'webAuthorizationManagerPostProcessor', 'filterChainDecoratorPostProcessor', 'authenticationManagerPostProcessor'; @ConditionalOnMissingBean (types: org.springframework.security.authentication.AuthenticationManager,org.springframework.security.authentication.AuthenticationProvider,org.springframework.security.core.userdetails.UserDetailsService,org.springframework.security.authentication.AuthenticationManagerResolver,?; SearchStrategy: all) did not find any beans (OnBeanCondition)


Negative matches:
-----------------

    None


Exclusions:
-----------

    None


Unconditional classes:
----------------------

    None



2025-09-08T15:22:49.154-03:00  INFO 2724 --- [crud-basico] [File Watcher] rtingClassPathChangeChangedEventListener : Restarting due to 62 class path changes (62 additions, 0 deletions, 0 modifications)
2025-09-08T15:22:49.156-03:00  INFO 2724 --- [crud-basico] [Thread-7] o.s.b.w.e.tomcat.GracefulShutdown        : Commencing graceful shutdown. Waiting for active requests to complete
2025-09-08T15:22:49.166-03:00  INFO 2724 --- [crud-basico] [tomcat-shutdown] o.s.b.w.e.tomcat.GracefulShutdown        : Graceful shutdown complete
2025-09-08T15:22:49.169-03:00  INFO 2724 --- [crud-basico] [Thread-7] j.LocalContainerEntityManagerFactoryBean : Closing JPA EntityManagerFactory for persistence unit 'default'
2025-09-08T15:22:49.171-03:00  INFO 2724 --- [crud-basico] [Thread-7] com.zaxxer.hikari.HikariDataSource       : HikariPool-2 - Shutdown initiated...
2025-09-08T15:22:50.516-03:00  INFO 2724 --- [crud-basico] [Thread-7] com.zaxxer.hikari.HikariDataSource       : HikariPool-2 - Shutdown completed.
2025-09-08T15:22:51.495-03:00  INFO 2724 --- [crud-basico] [restartedMain] argos.com.br.blog.BlogApplication        : Starting BlogApplication using Java 21.0.6 with PID 2724 (C:\Users\Desenvolvimento\Documents\projetos\argos\crud-basico\target\classes started by Desenvolvimento in C:\Users\Desenvolvimento\Documents\projetos\argos\crud-basico)
2025-09-08T15:22:51.495-03:00 DEBUG 2724 --- [crud-basico] [restartedMain] argos.com.br.blog.BlogApplication        : Running with Spring Boot v3.5.5, Spring v6.2.10
2025-09-08T15:22:51.495-03:00  INFO 2724 --- [crud-basico] [restartedMain] argos.com.br.blog.BlogApplication        : No active profile set, falling back to 1 default profile: "default"
2025-09-08T15:22:53.488-03:00  INFO 2724 --- [crud-basico] [restartedMain] .s.d.r.c.RepositoryConfigurationDelegate : Bootstrapping Spring Data JPA repositories in DEFAULT mode.
2025-09-08T15:22:53.555-03:00  INFO 2724 --- [crud-basico] [restartedMain] .s.d.r.c.RepositoryConfigurationDelegate : Finished Spring Data repository scanning in 65 ms. Found 6 JPA repository interfaces.
2025-09-08T15:22:53.858-03:00  INFO 2724 --- [crud-basico] [restartedMain] o.s.b.w.embedded.tomcat.TomcatWebServer  : Tomcat initialized with port 8080 (http)
2025-09-08T15:22:53.859-03:00  INFO 2724 --- [crud-basico] [restartedMain] o.apache.catalina.core.StandardService   : Starting service [Tomcat]
2025-09-08T15:22:53.860-03:00  INFO 2724 --- [crud-basico] [restartedMain] o.apache.catalina.core.StandardEngine    : Starting Servlet engine: [Apache Tomcat/10.1.44]
2025-09-08T15:22:53.894-03:00  INFO 2724 --- [crud-basico] [restartedMain] o.a.c.c.C.[Tomcat].[localhost].[/]       : Initializing Spring embedded WebApplicationContext
2025-09-08T15:22:53.896-03:00  INFO 2724 --- [crud-basico] [restartedMain] w.s.c.ServletWebServerApplicationContext : Root WebApplicationContext: initialization completed in 2398 ms
2025-09-08T15:22:53.956-03:00  INFO 2724 --- [crud-basico] [restartedMain] com.zaxxer.hikari.HikariDataSource       : HikariPool-3 - Starting...
2025-09-08T15:22:55.221-03:00  INFO 2724 --- [crud-basico] [restartedMain] com.zaxxer.hikari.pool.HikariPool        : HikariPool-3 - Added connection org.postgresql.jdbc.PgConnection@14bc4d3
2025-09-08T15:22:55.221-03:00  INFO 2724 --- [crud-basico] [restartedMain] com.zaxxer.hikari.HikariDataSource       : HikariPool-3 - Start completed.
2025-09-08T15:22:55.361-03:00  INFO 2724 --- [crud-basico] [restartedMain] org.flywaydb.core.FlywayExecutor         : Database: jdbc:postgresql://ep-lingering-haze-adblqmik-pooler.c-2.us-east-1.aws.neon.tech/neondb?sslmode=require&channel_binding=require (PostgreSQL 17.5)
2025-09-08T15:22:57.323-03:00  INFO 2724 --- [crud-basico] [restartedMain] o.f.core.internal.command.DbValidate     : Successfully validated 1 migration (execution time 00:00.563s)
2025-09-08T15:22:58.340-03:00  INFO 12280 --- [crud-basico] [main] argos.com.br.blog.BlogApplicationTests   : Starting BlogApplicationTests using Java 21.0.6 with PID 12280 (started by Desenvolvimento in C:\Users\Desenvolvimento\Documents\projetos\argos\crud-basico)
2025-09-08T15:22:58.341-03:00 DEBUG 12280 --- [crud-basico] [main] argos.com.br.blog.BlogApplicationTests   : Running with Spring Boot v3.5.5, Spring v6.2.10
2025-09-08T15:22:58.342-03:00  INFO 12280 --- [crud-basico] [main] argos.com.br.blog.BlogApplicationTests   : No active profile set, falling back to 1 default profile: "default"
2025-09-08T15:22:59.133-03:00  INFO 2724 --- [crud-basico] [restartedMain] o.f.core.internal.command.DbMigrate      : Current version of schema "public": 1
2025-09-08T15:22:59.277-03:00  INFO 2724 --- [crud-basico] [restartedMain] o.f.core.internal.command.DbMigrate      : Schema "public" is up to date. No migration necessary.
2025-09-08T15:22:59.965-03:00  INFO 12280 --- [crud-basico] [main] .s.d.r.c.RepositoryConfigurationDelegate : Bootstrapping Spring Data JPA repositories in DEFAULT mode.
2025-09-08T15:23:00.131-03:00  INFO 12280 --- [crud-basico] [main] .s.d.r.c.RepositoryConfigurationDelegate : Finished Spring Data repository scanning in 148 ms. Found 6 JPA repository interfaces.
2025-09-08T15:23:00.135-03:00  INFO 2724 --- [crud-basico] [restartedMain] o.hibernate.jpa.internal.util.LogHelper  : HHH000204: Processing PersistenceUnitInfo [name: default]
2025-09-08T15:23:00.138-03:00  INFO 2724 --- [crud-basico] [restartedMain] o.h.c.internal.RegionFactoryInitiator    : HHH000026: Second-level cache disabled
2025-09-08T15:23:00.151-03:00  INFO 2724 --- [crud-basico] [restartedMain] o.s.o.j.p.SpringPersistenceUnitInfo      : No LoadTimeWeaver setup: ignoring JPA class transformer
2025-09-08T15:23:00.716-03:00  INFO 2724 --- [crud-basico] [restartedMain] org.hibernate.orm.connections.pooling    : HHH10001005: Database info:
	Database JDBC URL [Connecting through datasource 'HikariDataSource (HikariPool-3)']
	Database driver: undefined/unknown
	Database version: 17.5
	Autocommit mode: undefined/unknown
	Isolation level: undefined/unknown
	Minimum pool size: undefined/unknown
	Maximum pool size: undefined/unknown
2025-09-08T15:23:01.078-03:00  INFO 2724 --- [crud-basico] [restartedMain] o.h.e.t.j.p.i.JtaPlatformInitiator       : HHH000489: No JTA platform available (set 'hibernate.transaction.jta.platform' to enable JTA platform integration)
2025-09-08T15:23:01.079-03:00  INFO 2724 --- [crud-basico] [restartedMain] j.LocalContainerEntityManagerFactoryBean : Initialized JPA EntityManagerFactory for persistence unit 'default'
2025-09-08T15:23:01.442-03:00  INFO 2724 --- [crud-basico] [restartedMain] r$InitializeUserDetailsManagerConfigurer : Global AuthenticationManager configured with UserDetailsService bean with name customUserDetailsService
2025-09-08T15:23:01.593-03:00  WARN 2724 --- [crud-basico] [restartedMain] JpaBaseConfiguration$JpaWebConfiguration : spring.jpa.open-in-view is enabled by default. Therefore, database queries may be performed during view rendering. Explicitly configure spring.jpa.open-in-view to disable this warning
2025-09-08T15:23:01.753-03:00  INFO 2724 --- [crud-basico] [restartedMain] o.s.v.b.OptionalValidatorFactoryBean     : Failed to set up a Bean Validation provider: jakarta.validation.NoProviderFoundException: Unable to create a Configuration, because no Jakarta Bean Validation provider could be found. Add a provider like Hibernate Validator (RI) to your classpath.
2025-09-08T15:23:01.788-03:00  INFO 12280 --- [crud-basico] [main] com.zaxxer.hikari.HikariDataSource       : HikariPool-1 - Starting...
2025-09-08T15:23:01.810-03:00  INFO 2724 --- [crud-basico] [restartedMain] o.s.b.d.a.OptionalLiveReloadServer       : LiveReload server is running on port 35729
2025-09-08T15:23:01.824-03:00  INFO 2724 --- [crud-basico] [restartedMain] o.s.b.w.embedded.tomcat.TomcatWebServer  : Tomcat started on port 8080 (http) with context path '/'
2025-09-08T15:23:01.828-03:00  INFO 2724 --- [crud-basico] [restartedMain] argos.com.br.blog.BlogApplication        : Started BlogApplication in 10.51 seconds (process running for 156.043)
2025-09-08T15:23:01.832-03:00  INFO 2724 --- [crud-basico] [restartedMain] .ConditionEvaluationDeltaLoggingListener : Condition evaluation delta:


==========================
CONDITION EVALUATION DELTA
==========================


Positive matches:
-----------------

    None


Negative matches:
-----------------

   SpringBootWebSecurityConfiguration.SecurityFilterChainConfiguration:
      Did not match:
         - AllNestedConditions 1 matched 1 did not; NestedCondition on DefaultWebSecurityCondition.Beans @ConditionalOnMissingBean (types: org.springframework.security.web.SecurityFilterChain; SearchStrategy: all) found beans of type 'org.springframework.security.web.SecurityFilterChain' securityFilterChain; NestedCondition on DefaultWebSecurityCondition.Classes @ConditionalOnClass found required classes 'org.springframework.security.web.SecurityFilterChain', 'org.springframework.security.config.annotation.web.builders.HttpSecurity' (DefaultWebSecurityCondition)

   UserDetailsServiceAutoConfiguration:
      Did not match:
         - @ConditionalOnMissingBean (types: org.springframework.security.authentication.AuthenticationManager,org.springframework.security.authentication.AuthenticationProvider,org.springframework.security.core.userdetails.UserDetailsService,org.springframework.security.authentication.AuthenticationManagerResolver,?; SearchStrategy: all) found beans of type 'org.springframework.security.authentication.AuthenticationManager' authenticationManager and found beans of type 'org.springframework.security.core.userdetails.UserDetailsService' customUserDetailsService (OnBeanCondition)
      Matched:
         - @ConditionalOnClass found required class 'org.springframework.security.authentication.AuthenticationManager' (OnClassCondition)
         - found 'session' scope (OnWebApplicationCondition)
         - AnyNestedCondition 1 matched 2 did not; NestedCondition on UserDetailsServiceAutoConfiguration.MissingAlternativeOrUserPropertiesConfigured.PasswordConfigured @ConditionalOnProperty (spring.security.user.password) did not find property 'spring.security.user.password'; NestedCondition on UserDetailsServiceAutoConfiguration.MissingAlternativeOrUserPropertiesConfigured.NameConfigured @ConditionalOnProperty (spring.security.user.name) did not find property 'spring.security.user.name'; NestedCondition on UserDetailsServiceAutoConfiguration.MissingAlternativeOrUserPropertiesConfigured.MissingAlternative @ConditionalOnMissingClass did not find unwanted classes 'org.springframework.security.oauth2.client.registration.ClientRegistrationRepository', 'org.springframework.security.oauth2.server.resource.introspection.OpaqueTokenIntrospector', 'org.springframework.security.saml2.provider.service.registration.RelyingPartyRegistrationRepository' (UserDetailsServiceAutoConfiguration.MissingAlternativeOrUserPropertiesConfigured)


Exclusions:
-----------

    None


Unconditional classes:
----------------------

    None



2025-09-08T15:23:03.722-03:00  INFO 12280 --- [crud-basico] [main] com.zaxxer.hikari.pool.HikariPool        : HikariPool-1 - Added connection org.postgresql.jdbc.PgConnection@36eb8e07
2025-09-08T15:23:03.723-03:00  INFO 12280 --- [crud-basico] [main] com.zaxxer.hikari.HikariDataSource       : HikariPool-1 - Start completed.
2025-09-08T15:23:03.894-03:00  INFO 12280 --- [crud-basico] [main] org.flywaydb.core.FlywayExecutor         : Database: jdbc:postgresql://ep-lingering-haze-adblqmik-pooler.c-2.us-east-1.aws.neon.tech/neondb?sslmode=require&channel_binding=require (PostgreSQL 17.5)
2025-09-08T15:23:05.945-03:00  INFO 12280 --- [crud-basico] [main] o.f.core.internal.command.DbValidate     : Successfully validated 1 migration (execution time 00:00.582s)
2025-09-08T15:23:07.752-03:00  INFO 12280 --- [crud-basico] [main] o.f.core.internal.command.DbMigrate      : Current version of schema "public": 1
2025-09-08T15:23:07.895-03:00  INFO 12280 --- [crud-basico] [main] o.f.core.internal.command.DbMigrate      : Schema "public" is up to date. No migration necessary.
2025-09-08T15:23:08.993-03:00  INFO 12280 --- [crud-basico] [main] o.hibernate.jpa.internal.util.LogHelper  : HHH000204: Processing PersistenceUnitInfo [name: default]
2025-09-08T15:23:09.136-03:00  INFO 12280 --- [crud-basico] [main] org.hibernate.Version                    : HHH000412: Hibernate ORM core version 6.6.26.Final
2025-09-08T15:23:09.230-03:00  INFO 12280 --- [crud-basico] [main] o.h.c.internal.RegionFactoryInitiator    : HHH000026: Second-level cache disabled
2025-09-08T15:23:09.439-03:00  INFO 12280 --- [crud-basico] [main] o.s.o.j.p.SpringPersistenceUnitInfo      : No LoadTimeWeaver setup: ignoring JPA class transformer
2025-09-08T15:23:10.250-03:00  INFO 12280 --- [crud-basico] [main] org.hibernate.orm.connections.pooling    : HHH10001005: Database info:
	Database JDBC URL [Connecting through datasource 'HikariDataSource (HikariPool-1)']
	Database driver: undefined/unknown
	Database version: 17.5
	Autocommit mode: undefined/unknown
	Isolation level: undefined/unknown
	Minimum pool size: undefined/unknown
	Maximum pool size: undefined/unknown
2025-09-08T15:23:11.569-03:00  INFO 12280 --- [crud-basico] [main] o.h.e.t.j.p.i.JtaPlatformInitiator       : HHH000489: No JTA platform available (set 'hibernate.transaction.jta.platform' to enable JTA platform integration)
2025-09-08T15:23:11.572-03:00  INFO 12280 --- [crud-basico] [main] j.LocalContainerEntityManagerFactoryBean : Initialized JPA EntityManagerFactory for persistence unit 'default'
2025-09-08T15:23:12.278-03:00  INFO 12280 --- [crud-basico] [main] r$InitializeUserDetailsManagerConfigurer : Global AuthenticationManager configured with UserDetailsService bean with name customUserDetailsService
2025-09-08T15:23:12.541-03:00  WARN 12280 --- [crud-basico] [main] JpaBaseConfiguration$JpaWebConfiguration : spring.jpa.open-in-view is enabled by default. Therefore, database queries may be performed during view rendering. Explicitly configure spring.jpa.open-in-view to disable this warning
2025-09-08T15:23:13.316-03:00  INFO 12280 --- [crud-basico] [main] o.s.v.b.OptionalValidatorFactoryBean     : Failed to set up a Bean Validation provider: jakarta.validation.NoProviderFoundException: Unable to create a Configuration, because no Jakarta Bean Validation provider could be found. Add a provider like Hibernate Validator (RI) to your classpath.
2025-09-08T15:23:13.789-03:00  INFO 12280 --- [crud-basico] [main] argos.com.br.blog.BlogApplicationTests   : Started BlogApplicationTests in 15.983 seconds (process running for 25.029)
2025-09-08T15:23:14.315-03:00  INFO 12280 --- [crud-basico] [SpringApplicationShutdownHook] j.LocalContainerEntityManagerFactoryBean : Closing JPA EntityManagerFactory for persistence unit 'default'
2025-09-08T15:23:14.319-03:00  INFO 12280 --- [crud-basico] [SpringApplicationShutdownHook] com.zaxxer.hikari.HikariDataSource       : HikariPool-1 - Shutdown initiated...
2025-09-08T15:23:15.710-03:00  INFO 12280 --- [crud-basico] [SpringApplicationShutdownHook] com.zaxxer.hikari.HikariDataSource       : HikariPool-1 - Shutdown completed.
2025-09-08T15:26:00.297-03:00  INFO 2724 --- [crud-basico] [File Watcher] rtingClassPathChangeChangedEventListener : Restarting due to 1 class path change (0 additions, 1 deletion, 0 modifications)
2025-09-08T15:26:00.448-03:00  INFO 2724 --- [crud-basico] [Thread-11] o.s.b.w.e.tomcat.GracefulShutdown        : Commencing graceful shutdown. Waiting for active requests to complete
2025-09-08T15:26:00.515-03:00  INFO 2724 --- [crud-basico] [tomcat-shutdown] o.s.b.w.e.tomcat.GracefulShutdown        : Graceful shutdown complete
2025-09-08T15:26:00.562-03:00  INFO 2724 --- [crud-basico] [Thread-11] j.LocalContainerEntityManagerFactoryBean : Closing JPA EntityManagerFactory for persistence unit 'default'
2025-09-08T15:26:00.710-03:00  INFO 2724 --- [crud-basico] [Thread-11] com.zaxxer.hikari.HikariDataSource       : HikariPool-3 - Shutdown initiated...
2025-09-08T15:26:02.128-03:00  INFO 2724 --- [crud-basico] [Thread-11] com.zaxxer.hikari.HikariDataSource       : HikariPool-3 - Shutdown completed.
2025-09-08T15:26:03.203-03:00  INFO 2724 --- [crud-basico] [restartedMain] argos.com.br.blog.BlogApplication        : Starting BlogApplication using Java 21.0.6 with PID 2724 (C:\Users\Desenvolvimento\Documents\projetos\argos\crud-basico\target\classes started by Desenvolvimento in C:\Users\Desenvolvimento\Documents\projetos\argos\crud-basico)
2025-09-08T15:26:03.204-03:00 DEBUG 2724 --- [crud-basico] [restartedMain] argos.com.br.blog.BlogApplication        : Running with Spring Boot v3.5.5, Spring v6.2.10
2025-09-08T15:26:03.205-03:00  INFO 2724 --- [crud-basico] [restartedMain] argos.com.br.blog.BlogApplication        : No active profile set, falling back to 1 default profile: "default"
2025-09-08T15:26:04.169-03:00  INFO 2724 --- [crud-basico] [restartedMain] .s.d.r.c.RepositoryConfigurationDelegate : Bootstrapping Spring Data JPA repositories in DEFAULT mode.
2025-09-08T15:26:04.269-03:00  INFO 2724 --- [crud-basico] [restartedMain] .s.d.r.c.RepositoryConfigurationDelegate : Finished Spring Data repository scanning in 95 ms. Found 6 JPA repository interfaces.
2025-09-08T15:26:04.498-03:00  INFO 2724 --- [crud-basico] [restartedMain] o.s.b.w.embedded.tomcat.TomcatWebServer  : Tomcat initialized with port 8080 (http)
2025-09-08T15:26:04.500-03:00  INFO 2724 --- [crud-basico] [restartedMain] o.apache.catalina.core.StandardService   : Starting service [Tomcat]
2025-09-08T15:26:04.501-03:00  INFO 2724 --- [crud-basico] [restartedMain] o.apache.catalina.core.StandardEngine    : Starting Servlet engine: [Apache Tomcat/10.1.44]
2025-09-08T15:26:04.540-03:00  INFO 2724 --- [crud-basico] [restartedMain] o.a.c.c.C.[Tomcat].[localhost].[/]       : Initializing Spring embedded WebApplicationContext
2025-09-08T15:26:04.540-03:00  INFO 2724 --- [crud-basico] [restartedMain] w.s.c.ServletWebServerApplicationContext : Root WebApplicationContext: initialization completed in 1328 ms
2025-09-08T15:26:04.621-03:00  INFO 2724 --- [crud-basico] [restartedMain] com.zaxxer.hikari.HikariDataSource       : HikariPool-4 - Starting...
2025-09-08T15:26:05.978-03:00  INFO 2724 --- [crud-basico] [restartedMain] com.zaxxer.hikari.pool.HikariPool        : HikariPool-4 - Added connection org.postgresql.jdbc.PgConnection@18911009
2025-09-08T15:26:05.978-03:00  INFO 2724 --- [crud-basico] [restartedMain] com.zaxxer.hikari.HikariDataSource       : HikariPool-4 - Start completed.
2025-09-08T15:26:06.122-03:00  INFO 2724 --- [crud-basico] [restartedMain] org.flywaydb.core.FlywayExecutor         : Database: jdbc:postgresql://ep-lingering-haze-adblqmik-pooler.c-2.us-east-1.aws.neon.tech/neondb?sslmode=require&channel_binding=require (PostgreSQL 17.5)
2025-09-08T15:26:08.072-03:00  INFO 2724 --- [crud-basico] [restartedMain] o.f.core.internal.command.DbValidate     : Successfully validated 1 migration (execution time 00:00.558s)
2025-09-08T15:26:09.878-03:00  INFO 2724 --- [crud-basico] [restartedMain] o.f.core.internal.command.DbMigrate      : Current version of schema "public": 1
2025-09-08T15:26:10.018-03:00  INFO 2724 --- [crud-basico] [restartedMain] o.f.core.internal.command.DbMigrate      : Schema "public" is up to date. No migration necessary.
2025-09-08T15:26:10.877-03:00  INFO 2724 --- [crud-basico] [restartedMain] o.hibernate.jpa.internal.util.LogHelper  : HHH000204: Processing PersistenceUnitInfo [name: default]
2025-09-08T15:26:10.880-03:00  INFO 2724 --- [crud-basico] [restartedMain] o.h.c.internal.RegionFactoryInitiator    : HHH000026: Second-level cache disabled
2025-09-08T15:26:10.891-03:00  INFO 2724 --- [crud-basico] [restartedMain] o.s.o.j.p.SpringPersistenceUnitInfo      : No LoadTimeWeaver setup: ignoring JPA class transformer
2025-09-08T15:26:11.448-03:00  INFO 2724 --- [crud-basico] [restartedMain] org.hibernate.orm.connections.pooling    : HHH10001005: Database info:
	Database JDBC URL [Connecting through datasource 'HikariDataSource (HikariPool-4)']
	Database driver: undefined/unknown
	Database version: 17.5
	Autocommit mode: undefined/unknown
	Isolation level: undefined/unknown
	Minimum pool size: undefined/unknown
	Maximum pool size: undefined/unknown
2025-09-08T15:26:11.580-03:00  INFO 2724 --- [crud-basico] [restartedMain] o.h.e.t.j.p.i.JtaPlatformInitiator       : HHH000489: No JTA platform available (set 'hibernate.transaction.jta.platform' to enable JTA platform integration)
2025-09-08T15:26:11.580-03:00  INFO 2724 --- [crud-basico] [restartedMain] j.LocalContainerEntityManagerFactoryBean : Initialized JPA EntityManagerFactory for persistence unit 'default'
2025-09-08T15:26:11.660-03:00  INFO 2724 --- [crud-basico] [restartedMain] r$InitializeUserDetailsManagerConfigurer : Global AuthenticationManager configured with UserDetailsService bean with name customUserDetailsService
2025-09-08T15:26:11.750-03:00  WARN 2724 --- [crud-basico] [restartedMain] JpaBaseConfiguration$JpaWebConfiguration : spring.jpa.open-in-view is enabled by default. Therefore, database queries may be performed during view rendering. Explicitly configure spring.jpa.open-in-view to disable this warning
2025-09-08T15:26:11.837-03:00  INFO 2724 --- [crud-basico] [restartedMain] o.s.v.b.OptionalValidatorFactoryBean     : Failed to set up a Bean Validation provider: jakarta.validation.NoProviderFoundException: Unable to create a Configuration, because no Jakarta Bean Validation provider could be found. Add a provider like Hibernate Validator (RI) to your classpath.
2025-09-08T15:26:11.898-03:00  INFO 2724 --- [crud-basico] [restartedMain] o.s.b.d.a.OptionalLiveReloadServer       : LiveReload server is running on port 35729
2025-09-08T15:26:11.911-03:00  INFO 2724 --- [crud-basico] [restartedMain] o.s.b.w.embedded.tomcat.TomcatWebServer  : Tomcat started on port 8080 (http) with context path '/'
2025-09-08T15:26:11.915-03:00  INFO 2724 --- [crud-basico] [restartedMain] argos.com.br.blog.BlogApplication        : Started BlogApplication in 8.903 seconds (process running for 346.13)
2025-09-08T15:26:11.917-03:00  INFO 2724 --- [crud-basico] [restartedMain] .ConditionEvaluationDeltaLoggingListener : Condition evaluation unchanged
2025-09-08T15:26:13.348-03:00  INFO 2724 --- [crud-basico] [File Watcher] rtingClassPathChangeChangedEventListener : Restarting due to 1 class path change (1 addition, 0 deletions, 0 modifications)
2025-09-08T15:26:13.349-03:00  INFO 2724 --- [crud-basico] [Thread-15] o.s.b.w.e.tomcat.GracefulShutdown        : Commencing graceful shutdown. Waiting for active requests to complete
2025-09-08T15:26:13.356-03:00  INFO 2724 --- [crud-basico] [tomcat-shutdown] o.s.b.w.e.tomcat.GracefulShutdown        : Graceful shutdown complete
2025-09-08T15:26:13.358-03:00  INFO 2724 --- [crud-basico] [Thread-15] j.LocalContainerEntityManagerFactoryBean : Closing JPA EntityManagerFactory for persistence unit 'default'
2025-09-08T15:26:13.359-03:00  INFO 2724 --- [crud-basico] [Thread-15] com.zaxxer.hikari.HikariDataSource       : HikariPool-4 - Shutdown initiated...
2025-09-08T15:26:14.597-03:00  INFO 2724 --- [crud-basico] [Thread-15] com.zaxxer.hikari.HikariDataSource       : HikariPool-4 - Shutdown completed.
2025-09-08T15:26:15.161-03:00  INFO 2724 --- [crud-basico] [restartedMain] argos.com.br.blog.BlogApplication        : Starting BlogApplication using Java 21.0.6 with PID 2724 (C:\Users\Desenvolvimento\Documents\projetos\argos\crud-basico\target\classes started by Desenvolvimento in C:\Users\Desenvolvimento\Documents\projetos\argos\crud-basico)
2025-09-08T15:26:15.162-03:00 DEBUG 2724 --- [crud-basico] [restartedMain] argos.com.br.blog.BlogApplication        : Running with Spring Boot v3.5.5, Spring v6.2.10
2025-09-08T15:26:15.162-03:00  INFO 2724 --- [crud-basico] [restartedMain] argos.com.br.blog.BlogApplication        : No active profile set, falling back to 1 default profile: "default"
2025-09-08T15:26:15.826-03:00  INFO 2724 --- [crud-basico] [restartedMain] .s.d.r.c.RepositoryConfigurationDelegate : Bootstrapping Spring Data JPA repositories in DEFAULT mode.
2025-09-08T15:26:15.859-03:00  INFO 2724 --- [crud-basico] [restartedMain] .s.d.r.c.RepositoryConfigurationDelegate : Finished Spring Data repository scanning in 32 ms. Found 6 JPA repository interfaces.
2025-09-08T15:26:16.164-03:00  INFO 2724 --- [crud-basico] [restartedMain] o.s.b.w.embedded.tomcat.TomcatWebServer  : Tomcat initialized with port 8080 (http)
2025-09-08T15:26:16.166-03:00  INFO 2724 --- [crud-basico] [restartedMain] o.apache.catalina.core.StandardService   : Starting service [Tomcat]
2025-09-08T15:26:16.166-03:00  INFO 2724 --- [crud-basico] [restartedMain] o.apache.catalina.core.StandardEngine    : Starting Servlet engine: [Apache Tomcat/10.1.44]
2025-09-08T15:26:16.237-03:00  INFO 2724 --- [crud-basico] [restartedMain] o.a.c.c.C.[Tomcat].[localhost].[/]       : Initializing Spring embedded WebApplicationContext
2025-09-08T15:26:16.237-03:00  INFO 2724 --- [crud-basico] [restartedMain] w.s.c.ServletWebServerApplicationContext : Root WebApplicationContext: initialization completed in 1074 ms
2025-09-08T15:26:16.274-03:00  INFO 2724 --- [crud-basico] [restartedMain] com.zaxxer.hikari.HikariDataSource       : HikariPool-5 - Starting...
2025-09-08T15:26:17.561-03:00  INFO 2724 --- [crud-basico] [restartedMain] com.zaxxer.hikari.pool.HikariPool        : HikariPool-5 - Added connection org.postgresql.jdbc.PgConnection@21cd3863
2025-09-08T15:26:17.561-03:00  INFO 2724 --- [crud-basico] [restartedMain] com.zaxxer.hikari.HikariDataSource       : HikariPool-5 - Start completed.
2025-09-08T15:26:17.702-03:00  INFO 2724 --- [crud-basico] [restartedMain] org.flywaydb.core.FlywayExecutor         : Database: jdbc:postgresql://ep-lingering-haze-adblqmik-pooler.c-2.us-east-1.aws.neon.tech/neondb?sslmode=require&channel_binding=require (PostgreSQL 17.5)
2025-09-08T15:26:19.644-03:00  INFO 2724 --- [crud-basico] [restartedMain] o.f.core.internal.command.DbValidate     : Successfully validated 1 migration (execution time 00:00.557s)
2025-09-08T15:26:21.543-03:00  INFO 2724 --- [crud-basico] [restartedMain] o.f.core.internal.command.DbMigrate      : Current version of schema "public": 1
2025-09-08T15:26:21.681-03:00  INFO 2724 --- [crud-basico] [restartedMain] o.f.core.internal.command.DbMigrate      : Schema "public" is up to date. No migration necessary.
2025-09-08T15:26:22.534-03:00  INFO 2724 --- [crud-basico] [restartedMain] o.hibernate.jpa.internal.util.LogHelper  : HHH000204: Processing PersistenceUnitInfo [name: default]
2025-09-08T15:26:22.675-03:00  INFO 2724 --- [crud-basico] [restartedMain] o.h.c.internal.RegionFactoryInitiator    : HHH000026: Second-level cache disabled
2025-09-08T15:26:22.682-03:00  INFO 2724 --- [crud-basico] [restartedMain] o.s.o.j.p.SpringPersistenceUnitInfo      : No LoadTimeWeaver setup: ignoring JPA class transformer
2025-09-08T15:26:23.237-03:00  INFO 2724 --- [crud-basico] [restartedMain] org.hibernate.orm.connections.pooling    : HHH10001005: Database info:
	Database JDBC URL [Connecting through datasource 'HikariDataSource (HikariPool-5)']
	Database driver: undefined/unknown
	Database version: 17.5
	Autocommit mode: undefined/unknown
	Isolation level: undefined/unknown
	Minimum pool size: undefined/unknown
	Maximum pool size: undefined/unknown
2025-09-08T15:26:23.543-03:00  INFO 2724 --- [crud-basico] [restartedMain] o.h.e.t.j.p.i.JtaPlatformInitiator       : HHH000489: No JTA platform available (set 'hibernate.transaction.jta.platform' to enable JTA platform integration)
2025-09-08T15:26:23.544-03:00  INFO 2724 --- [crud-basico] [restartedMain] j.LocalContainerEntityManagerFactoryBean : Initialized JPA EntityManagerFactory for persistence unit 'default'
2025-09-08T15:26:23.703-03:00  INFO 2724 --- [crud-basico] [restartedMain] r$InitializeUserDetailsManagerConfigurer : Global AuthenticationManager configured with UserDetailsService bean with name customUserDetailsService
2025-09-08T15:26:23.823-03:00  WARN 2724 --- [crud-basico] [restartedMain] JpaBaseConfiguration$JpaWebConfiguration : spring.jpa.open-in-view is enabled by default. Therefore, database queries may be performed during view rendering. Explicitly configure spring.jpa.open-in-view to disable this warning
2025-09-08T15:26:23.909-03:00  INFO 2724 --- [crud-basico] [restartedMain] o.s.v.b.OptionalValidatorFactoryBean     : Failed to set up a Bean Validation provider: jakarta.validation.NoProviderFoundException: Unable to create a Configuration, because no Jakarta Bean Validation provider could be found. Add a provider like Hibernate Validator (RI) to your classpath.
2025-09-08T15:26:23.959-03:00  INFO 2724 --- [crud-basico] [restartedMain] o.s.b.d.a.OptionalLiveReloadServer       : LiveReload server is running on port 35729
2025-09-08T15:26:23.967-03:00  INFO 2724 --- [crud-basico] [restartedMain] o.s.b.w.embedded.tomcat.TomcatWebServer  : Tomcat started on port 8080 (http) with context path '/'
2025-09-08T15:26:23.969-03:00  INFO 2724 --- [crud-basico] [restartedMain] argos.com.br.blog.BlogApplication        : Started BlogApplication in 8.832 seconds (process running for 358.184)
2025-09-08T15:26:23.970-03:00  INFO 2724 --- [crud-basico] [restartedMain] .ConditionEvaluationDeltaLoggingListener : Condition evaluation unchanged
2025-09-08T15:37:51.302-03:00  INFO 2724 --- [crud-basico] [File Watcher] rtingClassPathChangeChangedEventListener : Restarting due to 1 class path change (0 additions, 1 deletion, 0 modifications)
2025-09-08T15:37:51.474-03:00  INFO 2724 --- [crud-basico] [Thread-19] o.s.b.w.e.tomcat.GracefulShutdown        : Commencing graceful shutdown. Waiting for active requests to complete
2025-09-08T15:37:51.530-03:00  INFO 2724 --- [crud-basico] [tomcat-shutdown] o.s.b.w.e.tomcat.GracefulShutdown        : Graceful shutdown complete
2025-09-08T15:37:51.592-03:00  INFO 2724 --- [crud-basico] [Thread-19] j.LocalContainerEntityManagerFactoryBean : Closing JPA EntityManagerFactory for persistence unit 'default'
2025-09-08T15:37:51.692-03:00  INFO 2724 --- [crud-basico] [Thread-19] com.zaxxer.hikari.HikariDataSource       : HikariPool-5 - Shutdown initiated...
2025-09-08T15:37:53.374-03:00  INFO 2724 --- [crud-basico] [Thread-19] com.zaxxer.hikari.HikariDataSource       : HikariPool-5 - Shutdown completed.
2025-09-08T15:37:54.399-03:00  INFO 2724 --- [crud-basico] [restartedMain] argos.com.br.blog.BlogApplication        : Starting BlogApplication using Java 21.0.6 with PID 2724 (C:\Users\Desenvolvimento\Documents\projetos\argos\crud-basico\target\classes started by Desenvolvimento in C:\Users\Desenvolvimento\Documents\projetos\argos\crud-basico)
2025-09-08T15:37:54.400-03:00 DEBUG 2724 --- [crud-basico] [restartedMain] argos.com.br.blog.BlogApplication        : Running with Spring Boot v3.5.5, Spring v6.2.10
2025-09-08T15:37:54.400-03:00  INFO 2724 --- [crud-basico] [restartedMain] argos.com.br.blog.BlogApplication        : No active profile set, falling back to 1 default profile: "default"
2025-09-08T15:37:55.250-03:00  INFO 2724 --- [crud-basico] [restartedMain] .s.d.r.c.RepositoryConfigurationDelegate : Bootstrapping Spring Data JPA repositories in DEFAULT mode.
2025-09-08T15:37:55.305-03:00  INFO 2724 --- [crud-basico] [restartedMain] .s.d.r.c.RepositoryConfigurationDelegate : Finished Spring Data repository scanning in 53 ms. Found 6 JPA repository interfaces.
2025-09-08T15:37:55.696-03:00  INFO 2724 --- [crud-basico] [restartedMain] o.s.b.w.embedded.tomcat.TomcatWebServer  : Tomcat initialized with port 8080 (http)
2025-09-08T15:37:55.698-03:00  INFO 2724 --- [crud-basico] [restartedMain] o.apache.catalina.core.StandardService   : Starting service [Tomcat]
2025-09-08T15:37:55.699-03:00  INFO 2724 --- [crud-basico] [restartedMain] o.apache.catalina.core.StandardEngine    : Starting Servlet engine: [Apache Tomcat/10.1.44]
2025-09-08T15:37:55.732-03:00  INFO 2724 --- [crud-basico] [restartedMain] o.a.c.c.C.[Tomcat].[localhost].[/]       : Initializing Spring embedded WebApplicationContext
2025-09-08T15:37:55.732-03:00  INFO 2724 --- [crud-basico] [restartedMain] w.s.c.ServletWebServerApplicationContext : Root WebApplicationContext: initialization completed in 1328 ms
2025-09-08T15:37:55.804-03:00  INFO 2724 --- [crud-basico] [restartedMain] com.zaxxer.hikari.HikariDataSource       : HikariPool-6 - Starting...
2025-09-08T15:37:57.239-03:00  INFO 2724 --- [crud-basico] [restartedMain] com.zaxxer.hikari.pool.HikariPool        : HikariPool-6 - Added connection org.postgresql.jdbc.PgConnection@1dd5a5f5
2025-09-08T15:37:57.239-03:00  INFO 2724 --- [crud-basico] [restartedMain] com.zaxxer.hikari.HikariDataSource       : HikariPool-6 - Start completed.
2025-09-08T15:37:57.380-03:00  INFO 2724 --- [crud-basico] [restartedMain] org.flywaydb.core.FlywayExecutor         : Database: jdbc:postgresql://ep-lingering-haze-adblqmik-pooler.c-2.us-east-1.aws.neon.tech/neondb?sslmode=require&channel_binding=require (PostgreSQL 17.5)
2025-09-08T15:37:59.336-03:00  INFO 2724 --- [crud-basico] [restartedMain] o.f.core.internal.command.DbValidate     : Successfully validated 1 migration (execution time 00:00.561s)
2025-09-08T15:38:01.163-03:00  INFO 2724 --- [crud-basico] [restartedMain] o.f.core.internal.command.DbMigrate      : Current version of schema "public": 1
2025-09-08T15:38:01.302-03:00  INFO 2724 --- [crud-basico] [restartedMain] o.f.core.internal.command.DbMigrate      : Schema "public" is up to date. No migration necessary.
2025-09-08T15:38:02.190-03:00  INFO 2724 --- [crud-basico] [restartedMain] o.hibernate.jpa.internal.util.LogHelper  : HHH000204: Processing PersistenceUnitInfo [name: default]
2025-09-08T15:38:02.198-03:00  INFO 2724 --- [crud-basico] [restartedMain] o.h.c.internal.RegionFactoryInitiator    : HHH000026: Second-level cache disabled
2025-09-08T15:38:02.227-03:00  INFO 2724 --- [crud-basico] [restartedMain] o.s.o.j.p.SpringPersistenceUnitInfo      : No LoadTimeWeaver setup: ignoring JPA class transformer
2025-09-08T15:38:02.784-03:00  INFO 2724 --- [crud-basico] [restartedMain] org.hibernate.orm.connections.pooling    : HHH10001005: Database info:
	Database JDBC URL [Connecting through datasource 'HikariDataSource (HikariPool-6)']
	Database driver: undefined/unknown
	Database version: 17.5
	Autocommit mode: undefined/unknown
	Isolation level: undefined/unknown
	Minimum pool size: undefined/unknown
	Maximum pool size: undefined/unknown
2025-09-08T15:38:02.897-03:00  INFO 2724 --- [crud-basico] [restartedMain] o.h.e.t.j.p.i.JtaPlatformInitiator       : HHH000489: No JTA platform available (set 'hibernate.transaction.jta.platform' to enable JTA platform integration)
2025-09-08T15:38:02.897-03:00  INFO 2724 --- [crud-basico] [restartedMain] j.LocalContainerEntityManagerFactoryBean : Initialized JPA EntityManagerFactory for persistence unit 'default'
2025-09-08T15:38:02.974-03:00  INFO 2724 --- [crud-basico] [restartedMain] r$InitializeUserDetailsManagerConfigurer : Global AuthenticationManager configured with UserDetailsService bean with name customUserDetailsService
2025-09-08T15:38:03.062-03:00  WARN 2724 --- [crud-basico] [restartedMain] JpaBaseConfiguration$JpaWebConfiguration : spring.jpa.open-in-view is enabled by default. Therefore, database queries may be performed during view rendering. Explicitly configure spring.jpa.open-in-view to disable this warning
2025-09-08T15:38:03.187-03:00  INFO 2724 --- [crud-basico] [restartedMain] o.s.v.b.OptionalValidatorFactoryBean     : Failed to set up a Bean Validation provider: jakarta.validation.NoProviderFoundException: Unable to create a Configuration, because no Jakarta Bean Validation provider could be found. Add a provider like Hibernate Validator (RI) to your classpath.
2025-09-08T15:38:03.290-03:00  INFO 2724 --- [crud-basico] [restartedMain] o.s.b.d.a.OptionalLiveReloadServer       : LiveReload server is running on port 35729
2025-09-08T15:38:03.309-03:00  INFO 2724 --- [crud-basico] [restartedMain] o.s.b.w.embedded.tomcat.TomcatWebServer  : Tomcat started on port 8080 (http) with context path '/'
2025-09-08T15:38:03.314-03:00  INFO 2724 --- [crud-basico] [restartedMain] argos.com.br.blog.BlogApplication        : Started BlogApplication in 9.03 seconds (process running for 1057.529)
2025-09-08T15:38:03.318-03:00  INFO 2724 --- [crud-basico] [restartedMain] .ConditionEvaluationDeltaLoggingListener : Condition evaluation unchanged
2025-09-08T15:38:04.738-03:00  INFO 2724 --- [crud-basico] [File Watcher] rtingClassPathChangeChangedEventListener : Restarting due to 1 class path change (1 addition, 0 deletions, 0 modifications)
2025-09-08T15:38:04.739-03:00  INFO 2724 --- [crud-basico] [Thread-23] o.s.b.w.e.tomcat.GracefulShutdown        : Commencing graceful shutdown. Waiting for active requests to complete
2025-09-08T15:38:04.747-03:00  INFO 2724 --- [crud-basico] [tomcat-shutdown] o.s.b.w.e.tomcat.GracefulShutdown        : Graceful shutdown complete
2025-09-08T15:38:04.749-03:00  INFO 2724 --- [crud-basico] [Thread-23] j.LocalContainerEntityManagerFactoryBean : Closing JPA EntityManagerFactory for persistence unit 'default'
2025-09-08T15:38:04.749-03:00  INFO 2724 --- [crud-basico] [Thread-23] com.zaxxer.hikari.HikariDataSource       : HikariPool-6 - Shutdown initiated...
2025-09-08T15:38:05.984-03:00  INFO 2724 --- [crud-basico] [Thread-23] com.zaxxer.hikari.HikariDataSource       : HikariPool-6 - Shutdown completed.
2025-09-08T15:38:06.067-03:00  INFO 2724 --- [crud-basico] [restartedMain] argos.com.br.blog.BlogApplication        : Starting BlogApplication using Java 21.0.6 with PID 2724 (C:\Users\Desenvolvimento\Documents\projetos\argos\crud-basico\target\classes started by Desenvolvimento in C:\Users\Desenvolvimento\Documents\projetos\argos\crud-basico)
2025-09-08T15:38:06.067-03:00 DEBUG 2724 --- [crud-basico] [restartedMain] argos.com.br.blog.BlogApplication        : Running with Spring Boot v3.5.5, Spring v6.2.10
2025-09-08T15:38:06.067-03:00  INFO 2724 --- [crud-basico] [restartedMain] argos.com.br.blog.BlogApplication        : No active profile set, falling back to 1 default profile: "default"
2025-09-08T15:38:06.275-03:00  INFO 2724 --- [crud-basico] [restartedMain] .s.d.r.c.RepositoryConfigurationDelegate : Bootstrapping Spring Data JPA repositories in DEFAULT mode.
2025-09-08T15:38:06.315-03:00  INFO 2724 --- [crud-basico] [restartedMain] .s.d.r.c.RepositoryConfigurationDelegate : Finished Spring Data repository scanning in 38 ms. Found 6 JPA repository interfaces.
2025-09-08T15:38:06.429-03:00  INFO 2724 --- [crud-basico] [restartedMain] o.s.b.w.embedded.tomcat.TomcatWebServer  : Tomcat initialized with port 8080 (http)
2025-09-08T15:38:06.431-03:00  INFO 2724 --- [crud-basico] [restartedMain] o.apache.catalina.core.StandardService   : Starting service [Tomcat]
2025-09-08T15:38:06.431-03:00  INFO 2724 --- [crud-basico] [restartedMain] o.apache.catalina.core.StandardEngine    : Starting Servlet engine: [Apache Tomcat/10.1.44]
2025-09-08T15:38:06.464-03:00  INFO 2724 --- [crud-basico] [restartedMain] o.a.c.c.C.[Tomcat].[localhost].[/]       : Initializing Spring embedded WebApplicationContext
2025-09-08T15:38:06.464-03:00  INFO 2724 --- [crud-basico] [restartedMain] w.s.c.ServletWebServerApplicationContext : Root WebApplicationContext: initialization completed in 395 ms
2025-09-08T15:38:06.499-03:00  INFO 2724 --- [crud-basico] [restartedMain] com.zaxxer.hikari.HikariDataSource       : HikariPool-7 - Starting...
2025-09-08T15:38:07.763-03:00  INFO 2724 --- [crud-basico] [restartedMain] com.zaxxer.hikari.pool.HikariPool        : HikariPool-7 - Added connection org.postgresql.jdbc.PgConnection@4b4f8f6
2025-09-08T15:38:07.764-03:00  INFO 2724 --- [crud-basico] [restartedMain] com.zaxxer.hikari.HikariDataSource       : HikariPool-7 - Start completed.
2025-09-08T15:38:07.905-03:00  INFO 2724 --- [crud-basico] [restartedMain] org.flywaydb.core.FlywayExecutor         : Database: jdbc:postgresql://ep-lingering-haze-adblqmik-pooler.c-2.us-east-1.aws.neon.tech/neondb?sslmode=require&channel_binding=require (PostgreSQL 17.5)
2025-09-08T15:38:09.849-03:00  INFO 2724 --- [crud-basico] [restartedMain] o.f.core.internal.command.DbValidate     : Successfully validated 1 migration (execution time 00:00.556s)
2025-09-08T15:38:11.656-03:00  INFO 2724 --- [crud-basico] [restartedMain] o.f.core.internal.command.DbMigrate      : Current version of schema "public": 1
2025-09-08T15:38:11.796-03:00  INFO 2724 --- [crud-basico] [restartedMain] o.f.core.internal.command.DbMigrate      : Schema "public" is up to date. No migration necessary.
2025-09-08T15:38:12.654-03:00  INFO 2724 --- [crud-basico] [restartedMain] o.hibernate.jpa.internal.util.LogHelper  : HHH000204: Processing PersistenceUnitInfo [name: default]
2025-09-08T15:38:12.656-03:00  INFO 2724 --- [crud-basico] [restartedMain] o.h.c.internal.RegionFactoryInitiator    : HHH000026: Second-level cache disabled
2025-09-08T15:38:12.663-03:00  INFO 2724 --- [crud-basico] [restartedMain] o.s.o.j.p.SpringPersistenceUnitInfo      : No LoadTimeWeaver setup: ignoring JPA class transformer
2025-09-08T15:38:13.289-03:00  INFO 2724 --- [crud-basico] [restartedMain] org.hibernate.orm.connections.pooling    : HHH10001005: Database info:
	Database JDBC URL [Connecting through datasource 'HikariDataSource (HikariPool-7)']
	Database driver: undefined/unknown
	Database version: 17.5
	Autocommit mode: undefined/unknown
	Isolation level: undefined/unknown
	Minimum pool size: undefined/unknown
	Maximum pool size: undefined/unknown
2025-09-08T15:38:13.455-03:00  INFO 2724 --- [crud-basico] [restartedMain] o.h.e.t.j.p.i.JtaPlatformInitiator       : HHH000489: No JTA platform available (set 'hibernate.transaction.jta.platform' to enable JTA platform integration)
2025-09-08T15:38:13.455-03:00  INFO 2724 --- [crud-basico] [restartedMain] j.LocalContainerEntityManagerFactoryBean : Initialized JPA EntityManagerFactory for persistence unit 'default'
2025-09-08T15:38:13.574-03:00  INFO 2724 --- [crud-basico] [restartedMain] r$InitializeUserDetailsManagerConfigurer : Global AuthenticationManager configured with UserDetailsService bean with name customUserDetailsService
2025-09-08T15:38:13.803-03:00  WARN 2724 --- [crud-basico] [restartedMain] JpaBaseConfiguration$JpaWebConfiguration : spring.jpa.open-in-view is enabled by default. Therefore, database queries may be performed during view rendering. Explicitly configure spring.jpa.open-in-view to disable this warning
2025-09-08T15:38:14.001-03:00  INFO 2724 --- [crud-basico] [restartedMain] o.s.v.b.OptionalValidatorFactoryBean     : Failed to set up a Bean Validation provider: jakarta.validation.NoProviderFoundException: Unable to create a Configuration, because no Jakarta Bean Validation provider could be found. Add a provider like Hibernate Validator (RI) to your classpath.
2025-09-08T15:38:14.194-03:00  INFO 2724 --- [crud-basico] [restartedMain] o.s.b.d.a.OptionalLiveReloadServer       : LiveReload server is running on port 35729
2025-09-08T15:38:14.211-03:00  INFO 2724 --- [crud-basico] [restartedMain] o.s.b.w.embedded.tomcat.TomcatWebServer  : Tomcat started on port 8080 (http) with context path '/'
2025-09-08T15:38:14.215-03:00  INFO 2724 --- [crud-basico] [restartedMain] argos.com.br.blog.BlogApplication        : Started BlogApplication in 8.173 seconds (process running for 1068.43)
2025-09-08T15:38:14.219-03:00  INFO 2724 --- [crud-basico] [restartedMain] .ConditionEvaluationDeltaLoggingListener : Condition evaluation unchanged
